<?xml version="1.0" encoding="UTF-8"?>
<testng-results skipped="0" failed="0" ignored="0" total="1" passed="1">
  <reporter-output>
  </reporter-output>
  <suite name="Default suite" duration-ms="21568" started-at="2020-04-19T13:25:02Z" finished-at="2020-04-19T13:25:23Z">
    <groups>
    </groups>
    <test name="Default test" duration-ms="21568" started-at="2020-04-19T13:25:02Z" finished-at="2020-04-19T13:25:23Z">
      <class name="MyTest.Basic_Auth">
        <test-method status="PASS" signature="testAuth()[pri:0, instance:MyTest.Basic_Auth@724af044]" name="testAuth" duration-ms="21440" started-at="2020-04-19T13:25:02Z" finished-at="2020-04-19T13:25:23Z">
          <reporter-output>
          </reporter-output>
        </test-method> <!-- testAuth -->
      </class> <!-- MyTest.Basic_Auth -->
    </test> <!-- Default test -->
  </suite> <!-- Default suite -->
</testng-results>
