<?xml version="1.0" encoding="UTF-8"?>
<testng-results skipped="0" failed="0" ignored="0" total="1" passed="1">
  <reporter-output>
  </reporter-output>
  <suite name="Default suite" duration-ms="74679" started-at="2020-04-18T17:10:15Z" finished-at="2020-04-18T17:11:29Z">
    <groups>
    </groups>
    <test name="Default test" duration-ms="74679" started-at="2020-04-18T17:10:15Z" finished-at="2020-04-18T17:11:29Z">
      <class name="MyTest.MyTestclass">
        <test-method status="PASS" signature="before()[pri:0, instance:MyTest.MyTestclass@72f926e6]" name="before" is-config="true" duration-ms="32130" started-at="2020-04-18T17:10:15Z" finished-at="2020-04-18T17:10:47Z">
          <reporter-output>
          </reporter-output>
        </test-method> <!-- before -->
        <test-method status="PASS" signature="test()[pri:0, instance:MyTest.MyTestclass@72f926e6]" name="test" duration-ms="41220" started-at="2020-04-18T17:10:47Z" finished-at="2020-04-18T17:11:28Z">
          <reporter-output>
          </reporter-output>
        </test-method> <!-- test -->
        <test-method status="PASS" signature="After()[pri:0, instance:MyTest.MyTestclass@72f926e6]" name="After" is-config="true" duration-ms="1146" started-at="2020-04-18T17:11:28Z" finished-at="2020-04-18T17:11:29Z">
          <reporter-output>
          </reporter-output>
        </test-method> <!-- After -->
      </class> <!-- MyTest.MyTestclass -->
    </test> <!-- Default test -->
  </suite> <!-- Default suite -->
</testng-results>
